2025-06-25 13:52:49,454 - {"status": "processed", "log": ["--- Event ID: test-saas-1750877567 | Module: SaaSAccessReaper | Mode: LIVE ---", "[Validate] SUCCESS: Required fields 'user' and 'source' are present.", "[Execute]  ACTION: Successfully revoked access for user 'john.doe@company.com' to 'slack'.", "[Report]   LIVE: Remediation policy applied for user 'john.doe@company.com'"]}
2025-06-25 13:52:51,497 - {"status": "processed", "log": ["--- Event ID: test-s3-1750877569 | Module: S3VisibilityReaper | Mode: LIVE ---", "[Validate] SUCCESS: Required fields 'bucket_name' and 'region' are present.", "[Execute]  ACTION: Restricted public permissions on S3 bucket 'my-public-bucket'.", "[Report]   LIVE: Public access block applied to 'my-public-bucket'"]}
2025-06-25 13:52:55,576 - {"status": "error", "log": ["Event is missing 'type' field."]}
2025-06-25 13:52:57,622 - {"status": "processed", "log": ["--- Event ID: test-001 | Module: SaaSAccessReaper | Mode: LIVE ---", "[Validate] SUCCESS: Required fields 'user' and 'source' are present.", "[Execute]  ACTION: Successfully revoked access for user 'john.doe@company.com' to 'slack'.", "[Report]   LIVE: Remediation policy applied for user 'john.doe@company.com'"]}
2025-06-25 13:52:57,622 - {"status": "processed", "log": ["--- Event ID: test-001 | Module: SaaSAccessReaper | Mode: LIVE ---", "[Validate] SUCCESS: Required fields 'user' and 'source' are present.", "[Execute]  ACTION: Successfully revoked access for user 'john.doe@company.com' to 'slack'.", "[Report]   LIVE: Remediation policy applied for user 'john.doe@company.com'"]}
2025-06-25 13:52:57,622 - {"status": "processed", "log": ["--- Event ID: test-001 | Module: SaaSAccessReaper | Mode: LIVE ---", "[Validate] SUCCESS: Required fields 'user' and 'source' are present.", "[Execute]  ACTION: Successfully revoked access for user 'john.doe@company.com' to 'slack'.", "[Report]   LIVE: Remediation policy applied for user 'john.doe@company.com'"]}
2025-06-25 13:52:57,622 - {"status": "processed", "log": ["--- Event ID: test-001 | Module: SaaSAccessReaper | Mode: LIVE ---", "[Validate] SUCCESS: Required fields 'user' and 'source' are present.", "[Execute]  ACTION: Successfully revoked access for user 'john.doe@company.com' to 'slack'.", "[Report]   LIVE: Remediation policy applied for user 'john.doe@company.com'"]}
2025-06-25 13:52:57,633 - {"status": "processed", "log": ["--- Event ID: test-002 | Module: S3VisibilityReaper | Mode: LIVE ---", "[Validate] SUCCESS: Required fields 'bucket_name' and 'region' are present.", "[Execute]  ACTION: Restricted public permissions on S3 bucket 'test-bucket'.", "[Report]   LIVE: Public access block applied to 'test-bucket'"]}
2025-06-25 13:52:57,633 - {"status": "processed", "log": ["--- Event ID: test-002 | Module: S3VisibilityReaper | Mode: LIVE ---", "[Validate] SUCCESS: Required fields 'bucket_name' and 'region' are present.", "[Execute]  ACTION: Restricted public permissions on S3 bucket 'test-bucket'.", "[Report]   LIVE: Public access block applied to 'test-bucket'"]}
2025-06-25 13:52:57,633 - {"status": "processed", "log": ["--- Event ID: test-002 | Module: S3VisibilityReaper | Mode: LIVE ---", "[Validate] SUCCESS: Required fields 'bucket_name' and 'region' are present.", "[Execute]  ACTION: Restricted public permissions on S3 bucket 'test-bucket'.", "[Report]   LIVE: Public access block applied to 'test-bucket'"]}
2025-06-25 13:52:57,633 - {"status": "processed", "log": ["--- Event ID: test-002 | Module: S3VisibilityReaper | Mode: LIVE ---", "[Validate] SUCCESS: Required fields 'bucket_name' and 'region' are present.", "[Execute]  ACTION: Restricted public permissions on S3 bucket 'test-bucket'.", "[Report]   LIVE: Public access block applied to 'test-bucket'"]}
2025-06-25 13:52:57,633 - {"status": "processed", "log": ["--- Event ID: test-002 | Module: S3VisibilityReaper | Mode: LIVE ---", "[Validate] SUCCESS: Required fields 'bucket_name' and 'region' are present.", "[Execute]  ACTION: Restricted public permissions on S3 bucket 'test-bucket'.", "[Report]   LIVE: Public access block applied to 'test-bucket'"]}
2025-06-25 13:52:57,641 - {"status": "ignored", "log": ["No response module found for event type 'unknown_event'."]}
2025-06-25 13:52:57,641 - {"status": "ignored", "log": ["No response module found for event type 'unknown_event'."]}
2025-06-25 13:52:57,641 - {"status": "ignored", "log": ["No response module found for event type 'unknown_event'."]}
2025-06-25 13:52:57,641 - {"status": "ignored", "log": ["No response module found for event type 'unknown_event'."]}
2025-06-25 13:52:57,641 - {"status": "ignored", "log": ["No response module found for event type 'unknown_event'."]}
2025-06-25 13:52:57,641 - {"status": "ignored", "log": ["No response module found for event type 'unknown_event'."]}
2025-06-25 13:52:57,651 - {"status": "error", "log": ["Event is missing 'type' field."]}
2025-06-25 13:52:57,651 - {"status": "error", "log": ["Event is missing 'type' field."]}
2025-06-25 13:52:57,651 - {"status": "error", "log": ["Event is missing 'type' field."]}
2025-06-25 13:52:57,651 - {"status": "error", "log": ["Event is missing 'type' field."]}
2025-06-25 13:52:57,651 - {"status": "error", "log": ["Event is missing 'type' field."]}
2025-06-25 13:52:57,651 - {"status": "error", "log": ["Event is missing 'type' field."]}
2025-06-25 13:52:57,651 - {"status": "error", "log": ["Event is missing 'type' field."]}
2025-06-25 13:52:57,672 - {"status": "processed", "log": ["--- Event ID: test-005 | Module: SaaSAccessReaper | Mode: LIVE ---", "[Validate] SUCCESS: Required fields 'user' and 'source' are present.", "[Execute]  ERROR: Failed to revoke access for user 'jane.doe@company.com' to 'slack': Failed to revoke access for jane.doe@company.com in workspace slack", "[Report]   LIVE: FAILED - Remediation failed for user 'jane.doe@company.com'"]}
2025-06-25 13:52:57,672 - {"status": "processed", "log": ["--- Event ID: test-005 | Module: SaaSAccessReaper | Mode: LIVE ---", "[Validate] SUCCESS: Required fields 'user' and 'source' are present.", "[Execute]  ERROR: Failed to revoke access for user 'jane.doe@company.com' to 'slack': Failed to revoke access for jane.doe@company.com in workspace slack", "[Report]   LIVE: FAILED - Remediation failed for user 'jane.doe@company.com'"]}
2025-06-25 13:52:57,672 - {"status": "processed", "log": ["--- Event ID: test-005 | Module: SaaSAccessReaper | Mode: LIVE ---", "[Validate] SUCCESS: Required fields 'user' and 'source' are present.", "[Execute]  ERROR: Failed to revoke access for user 'jane.doe@company.com' to 'slack': Failed to revoke access for jane.doe@company.com in workspace slack", "[Report]   LIVE: FAILED - Remediation failed for user 'jane.doe@company.com'"]}
2025-06-25 13:52:57,672 - {"status": "processed", "log": ["--- Event ID: test-005 | Module: SaaSAccessReaper | Mode: LIVE ---", "[Validate] SUCCESS: Required fields 'user' and 'source' are present.", "[Execute]  ERROR: Failed to revoke access for user 'jane.doe@company.com' to 'slack': Failed to revoke access for jane.doe@company.com in workspace slack", "[Report]   LIVE: FAILED - Remediation failed for user 'jane.doe@company.com'"]}
2025-06-25 13:52:57,672 - {"status": "processed", "log": ["--- Event ID: test-005 | Module: SaaSAccessReaper | Mode: LIVE ---", "[Validate] SUCCESS: Required fields 'user' and 'source' are present.", "[Execute]  ERROR: Failed to revoke access for user 'jane.doe@company.com' to 'slack': Failed to revoke access for jane.doe@company.com in workspace slack", "[Report]   LIVE: FAILED - Remediation failed for user 'jane.doe@company.com'"]}
2025-06-25 13:52:57,672 - {"status": "processed", "log": ["--- Event ID: test-005 | Module: SaaSAccessReaper | Mode: LIVE ---", "[Validate] SUCCESS: Required fields 'user' and 'source' are present.", "[Execute]  ERROR: Failed to revoke access for user 'jane.doe@company.com' to 'slack': Failed to revoke access for jane.doe@company.com in workspace slack", "[Report]   LIVE: FAILED - Remediation failed for user 'jane.doe@company.com'"]}
2025-06-25 13:52:57,672 - {"status": "processed", "log": ["--- Event ID: test-005 | Module: SaaSAccessReaper | Mode: LIVE ---", "[Validate] SUCCESS: Required fields 'user' and 'source' are present.", "[Execute]  ERROR: Failed to revoke access for user 'jane.doe@company.com' to 'slack': Failed to revoke access for jane.doe@company.com in workspace slack", "[Report]   LIVE: FAILED - Remediation failed for user 'jane.doe@company.com'"]}
2025-06-25 13:52:57,672 - {"status": "processed", "log": ["--- Event ID: test-005 | Module: SaaSAccessReaper | Mode: LIVE ---", "[Validate] SUCCESS: Required fields 'user' and 'source' are present.", "[Execute]  ERROR: Failed to revoke access for user 'jane.doe@company.com' to 'slack': Failed to revoke access for jane.doe@company.com in workspace slack", "[Report]   LIVE: FAILED - Remediation failed for user 'jane.doe@company.com'"]}
2025-06-25 13:52:57,672 - {"status": "processed", "log": ["--- Event ID: test-005 | Module: SaaSAccessReaper | Mode: LIVE ---", "[Validate] SUCCESS: Required fields 'user' and 'source' are present.", "[Execute]  ERROR: Failed to revoke access for user 'jane.doe@company.com' to 'slack': Failed to revoke access for jane.doe@company.com in workspace slack", "[Report]   LIVE: FAILED - Remediation failed for user 'jane.doe@company.com'"]}
2025-06-25 13:52:57,672 - {"status": "processed", "log": ["--- Event ID: test-005 | Module: SaaSAccessReaper | Mode: LIVE ---", "[Validate] SUCCESS: Required fields 'user' and 'source' are present.", "[Execute]  ERROR: Failed to revoke access for user 'jane.doe@company.com' to 'slack': Failed to revoke access for jane.doe@company.com in workspace slack", "[Report]   LIVE: FAILED - Remediation failed for user 'jane.doe@company.com'"]}
2025-06-25 13:52:57,680 - {"status": "validation_failed", "log": ["--- Event ID: test-006 | Module: SaaSAccessReaper | Mode: LIVE ---", "[Validate] FAILED: Event is missing 'user' or 'source'."]}
2025-06-25 13:52:57,680 - {"status": "validation_failed", "log": ["--- Event ID: test-006 | Module: SaaSAccessReaper | Mode: LIVE ---", "[Validate] FAILED: Event is missing 'user' or 'source'."]}
2025-06-25 13:52:57,680 - {"status": "validation_failed", "log": ["--- Event ID: test-006 | Module: SaaSAccessReaper | Mode: LIVE ---", "[Validate] FAILED: Event is missing 'user' or 'source'."]}
2025-06-25 13:52:57,680 - {"status": "validation_failed", "log": ["--- Event ID: test-006 | Module: SaaSAccessReaper | Mode: LIVE ---", "[Validate] FAILED: Event is missing 'user' or 'source'."]}
2025-06-25 13:52:57,680 - {"status": "validation_failed", "log": ["--- Event ID: test-006 | Module: SaaSAccessReaper | Mode: LIVE ---", "[Validate] FAILED: Event is missing 'user' or 'source'."]}
2025-06-25 13:52:57,680 - {"status": "validation_failed", "log": ["--- Event ID: test-006 | Module: SaaSAccessReaper | Mode: LIVE ---", "[Validate] FAILED: Event is missing 'user' or 'source'."]}
2025-06-25 13:52:57,680 - {"status": "validation_failed", "log": ["--- Event ID: test-006 | Module: SaaSAccessReaper | Mode: LIVE ---", "[Validate] FAILED: Event is missing 'user' or 'source'."]}
2025-06-25 13:52:57,680 - {"status": "validation_failed", "log": ["--- Event ID: test-006 | Module: SaaSAccessReaper | Mode: LIVE ---", "[Validate] FAILED: Event is missing 'user' or 'source'."]}
2025-06-25 13:52:57,680 - {"status": "validation_failed", "log": ["--- Event ID: test-006 | Module: SaaSAccessReaper | Mode: LIVE ---", "[Validate] FAILED: Event is missing 'user' or 'source'."]}
2025-06-25 13:52:57,680 - {"status": "validation_failed", "log": ["--- Event ID: test-006 | Module: SaaSAccessReaper | Mode: LIVE ---", "[Validate] FAILED: Event is missing 'user' or 'source'."]}
2025-06-25 13:52:57,680 - {"status": "validation_failed", "log": ["--- Event ID: test-006 | Module: SaaSAccessReaper | Mode: LIVE ---", "[Validate] FAILED: Event is missing 'user' or 'source'."]}
2025-06-25 13:52:57,689 - {"status": "validation_failed", "log": ["--- Event ID: test-007 | Module: S3VisibilityReaper | Mode: LIVE ---", "[Validate] FAILED: Event is missing 'bucket_name' or 'region'."]}
2025-06-25 13:52:57,689 - {"status": "validation_failed", "log": ["--- Event ID: test-007 | Module: S3VisibilityReaper | Mode: LIVE ---", "[Validate] FAILED: Event is missing 'bucket_name' or 'region'."]}
2025-06-25 13:52:57,689 - {"status": "validation_failed", "log": ["--- Event ID: test-007 | Module: S3VisibilityReaper | Mode: LIVE ---", "[Validate] FAILED: Event is missing 'bucket_name' or 'region'."]}
2025-06-25 13:52:57,689 - {"status": "validation_failed", "log": ["--- Event ID: test-007 | Module: S3VisibilityReaper | Mode: LIVE ---", "[Validate] FAILED: Event is missing 'bucket_name' or 'region'."]}
2025-06-25 13:52:57,689 - {"status": "validation_failed", "log": ["--- Event ID: test-007 | Module: S3VisibilityReaper | Mode: LIVE ---", "[Validate] FAILED: Event is missing 'bucket_name' or 'region'."]}
2025-06-25 13:52:57,689 - {"status": "validation_failed", "log": ["--- Event ID: test-007 | Module: S3VisibilityReaper | Mode: LIVE ---", "[Validate] FAILED: Event is missing 'bucket_name' or 'region'."]}
2025-06-25 13:52:57,689 - {"status": "validation_failed", "log": ["--- Event ID: test-007 | Module: S3VisibilityReaper | Mode: LIVE ---", "[Validate] FAILED: Event is missing 'bucket_name' or 'region'."]}
2025-06-25 13:52:57,689 - {"status": "validation_failed", "log": ["--- Event ID: test-007 | Module: S3VisibilityReaper | Mode: LIVE ---", "[Validate] FAILED: Event is missing 'bucket_name' or 'region'."]}
2025-06-25 13:52:57,689 - {"status": "validation_failed", "log": ["--- Event ID: test-007 | Module: S3VisibilityReaper | Mode: LIVE ---", "[Validate] FAILED: Event is missing 'bucket_name' or 'region'."]}
2025-06-25 13:52:57,689 - {"status": "validation_failed", "log": ["--- Event ID: test-007 | Module: S3VisibilityReaper | Mode: LIVE ---", "[Validate] FAILED: Event is missing 'bucket_name' or 'region'."]}
2025-06-25 13:52:57,689 - {"status": "validation_failed", "log": ["--- Event ID: test-007 | Module: S3VisibilityReaper | Mode: LIVE ---", "[Validate] FAILED: Event is missing 'bucket_name' or 'region'."]}
2025-06-25 13:52:57,689 - {"status": "validation_failed", "log": ["--- Event ID: test-007 | Module: S3VisibilityReaper | Mode: LIVE ---", "[Validate] FAILED: Event is missing 'bucket_name' or 'region'."]}
2025-06-25 18:53:13,152 - {"status": "processed", "log": ["--- Event ID: test-001 | Module: SaaSAccessReaper | Mode: LIVE ---", "[Validate] SUCCESS: Required fields 'user' and 'source' are present.", "[Execute]  ACTION: Successfully revoked access for user 'john.doe@company.com' to 'slack'.", "[Report]   LIVE: Remediation policy applied for user 'john.doe@company.com'"]}
2025-06-25 18:53:13,152 - {"status": "processed", "log": ["--- Event ID: test-001 | Module: SaaSAccessReaper | Mode: LIVE ---", "[Validate] SUCCESS: Required fields 'user' and 'source' are present.", "[Execute]  ACTION: Successfully revoked access for user 'john.doe@company.com' to 'slack'.", "[Report]   LIVE: Remediation policy applied for user 'john.doe@company.com'"]}
2025-06-25 18:53:13,152 - {"status": "processed", "log": ["--- Event ID: test-001 | Module: SaaSAccessReaper | Mode: LIVE ---", "[Validate] SUCCESS: Required fields 'user' and 'source' are present.", "[Execute]  ACTION: Successfully revoked access for user 'john.doe@company.com' to 'slack'.", "[Report]   LIVE: Remediation policy applied for user 'john.doe@company.com'"]}
2025-06-25 18:53:13,152 - {"status": "processed", "log": ["--- Event ID: test-001 | Module: SaaSAccessReaper | Mode: LIVE ---", "[Validate] SUCCESS: Required fields 'user' and 'source' are present.", "[Execute]  ACTION: Successfully revoked access for user 'john.doe@company.com' to 'slack'.", "[Report]   LIVE: Remediation policy applied for user 'john.doe@company.com'"]}
2025-06-25 18:53:13,167 - {"status": "processed", "log": ["--- Event ID: test-002 | Module: S3VisibilityReaper | Mode: LIVE ---", "[Validate] SUCCESS: Required fields 'bucket_name' and 'region' are present.", "[Execute]  ACTION: Restricted public permissions on S3 bucket 'test-bucket'.", "[Report]   LIVE: Public access block applied to 'test-bucket'"]}
2025-06-25 18:53:13,167 - {"status": "processed", "log": ["--- Event ID: test-002 | Module: S3VisibilityReaper | Mode: LIVE ---", "[Validate] SUCCESS: Required fields 'bucket_name' and 'region' are present.", "[Execute]  ACTION: Restricted public permissions on S3 bucket 'test-bucket'.", "[Report]   LIVE: Public access block applied to 'test-bucket'"]}
2025-06-25 18:53:13,167 - {"status": "processed", "log": ["--- Event ID: test-002 | Module: S3VisibilityReaper | Mode: LIVE ---", "[Validate] SUCCESS: Required fields 'bucket_name' and 'region' are present.", "[Execute]  ACTION: Restricted public permissions on S3 bucket 'test-bucket'.", "[Report]   LIVE: Public access block applied to 'test-bucket'"]}
2025-06-25 18:53:13,167 - {"status": "processed", "log": ["--- Event ID: test-002 | Module: S3VisibilityReaper | Mode: LIVE ---", "[Validate] SUCCESS: Required fields 'bucket_name' and 'region' are present.", "[Execute]  ACTION: Restricted public permissions on S3 bucket 'test-bucket'.", "[Report]   LIVE: Public access block applied to 'test-bucket'"]}
2025-06-25 18:53:13,167 - {"status": "processed", "log": ["--- Event ID: test-002 | Module: S3VisibilityReaper | Mode: LIVE ---", "[Validate] SUCCESS: Required fields 'bucket_name' and 'region' are present.", "[Execute]  ACTION: Restricted public permissions on S3 bucket 'test-bucket'.", "[Report]   LIVE: Public access block applied to 'test-bucket'"]}
2025-06-25 18:53:13,180 - {"status": "ignored", "log": ["No response module found for event type 'unknown_event'."]}
2025-06-25 18:53:13,180 - {"status": "ignored", "log": ["No response module found for event type 'unknown_event'."]}
2025-06-25 18:53:13,180 - {"status": "ignored", "log": ["No response module found for event type 'unknown_event'."]}
2025-06-25 18:53:13,180 - {"status": "ignored", "log": ["No response module found for event type 'unknown_event'."]}
2025-06-25 18:53:13,180 - {"status": "ignored", "log": ["No response module found for event type 'unknown_event'."]}
2025-06-25 18:53:13,180 - {"status": "ignored", "log": ["No response module found for event type 'unknown_event'."]}
2025-06-25 18:53:13,193 - {"status": "error", "log": ["Event is missing 'type' field."]}
2025-06-25 18:53:13,193 - {"status": "error", "log": ["Event is missing 'type' field."]}
2025-06-25 18:53:13,193 - {"status": "error", "log": ["Event is missing 'type' field."]}
2025-06-25 18:53:13,193 - {"status": "error", "log": ["Event is missing 'type' field."]}
2025-06-25 18:53:13,193 - {"status": "error", "log": ["Event is missing 'type' field."]}
2025-06-25 18:53:13,193 - {"status": "error", "log": ["Event is missing 'type' field."]}
2025-06-25 18:53:13,193 - {"status": "error", "log": ["Event is missing 'type' field."]}
2025-06-25 18:53:13,221 - {"status": "processed", "log": ["--- Event ID: test-005 | Module: SaaSAccessReaper | Mode: LIVE ---", "[Validate] SUCCESS: Required fields 'user' and 'source' are present.", "[Execute]  ACTION: Successfully revoked access for user 'jane.doe@company.com' to 'slack'.", "[Report]   LIVE: Remediation policy applied for user 'jane.doe@company.com'"]}
2025-06-25 18:53:13,221 - {"status": "processed", "log": ["--- Event ID: test-005 | Module: SaaSAccessReaper | Mode: LIVE ---", "[Validate] SUCCESS: Required fields 'user' and 'source' are present.", "[Execute]  ACTION: Successfully revoked access for user 'jane.doe@company.com' to 'slack'.", "[Report]   LIVE: Remediation policy applied for user 'jane.doe@company.com'"]}
2025-06-25 18:53:13,221 - {"status": "processed", "log": ["--- Event ID: test-005 | Module: SaaSAccessReaper | Mode: LIVE ---", "[Validate] SUCCESS: Required fields 'user' and 'source' are present.", "[Execute]  ACTION: Successfully revoked access for user 'jane.doe@company.com' to 'slack'.", "[Report]   LIVE: Remediation policy applied for user 'jane.doe@company.com'"]}
2025-06-25 18:53:13,221 - {"status": "processed", "log": ["--- Event ID: test-005 | Module: SaaSAccessReaper | Mode: LIVE ---", "[Validate] SUCCESS: Required fields 'user' and 'source' are present.", "[Execute]  ACTION: Successfully revoked access for user 'jane.doe@company.com' to 'slack'.", "[Report]   LIVE: Remediation policy applied for user 'jane.doe@company.com'"]}
2025-06-25 18:53:13,221 - {"status": "processed", "log": ["--- Event ID: test-005 | Module: SaaSAccessReaper | Mode: LIVE ---", "[Validate] SUCCESS: Required fields 'user' and 'source' are present.", "[Execute]  ACTION: Successfully revoked access for user 'jane.doe@company.com' to 'slack'.", "[Report]   LIVE: Remediation policy applied for user 'jane.doe@company.com'"]}
2025-06-25 18:53:13,221 - {"status": "processed", "log": ["--- Event ID: test-005 | Module: SaaSAccessReaper | Mode: LIVE ---", "[Validate] SUCCESS: Required fields 'user' and 'source' are present.", "[Execute]  ACTION: Successfully revoked access for user 'jane.doe@company.com' to 'slack'.", "[Report]   LIVE: Remediation policy applied for user 'jane.doe@company.com'"]}
2025-06-25 18:53:13,221 - {"status": "processed", "log": ["--- Event ID: test-005 | Module: SaaSAccessReaper | Mode: LIVE ---", "[Validate] SUCCESS: Required fields 'user' and 'source' are present.", "[Execute]  ACTION: Successfully revoked access for user 'jane.doe@company.com' to 'slack'.", "[Report]   LIVE: Remediation policy applied for user 'jane.doe@company.com'"]}
2025-06-25 18:53:13,221 - {"status": "processed", "log": ["--- Event ID: test-005 | Module: SaaSAccessReaper | Mode: LIVE ---", "[Validate] SUCCESS: Required fields 'user' and 'source' are present.", "[Execute]  ACTION: Successfully revoked access for user 'jane.doe@company.com' to 'slack'.", "[Report]   LIVE: Remediation policy applied for user 'jane.doe@company.com'"]}
2025-06-25 18:53:13,221 - {"status": "processed", "log": ["--- Event ID: test-005 | Module: SaaSAccessReaper | Mode: LIVE ---", "[Validate] SUCCESS: Required fields 'user' and 'source' are present.", "[Execute]  ACTION: Successfully revoked access for user 'jane.doe@company.com' to 'slack'.", "[Report]   LIVE: Remediation policy applied for user 'jane.doe@company.com'"]}
2025-06-25 18:53:13,221 - {"status": "processed", "log": ["--- Event ID: test-005 | Module: SaaSAccessReaper | Mode: LIVE ---", "[Validate] SUCCESS: Required fields 'user' and 'source' are present.", "[Execute]  ACTION: Successfully revoked access for user 'jane.doe@company.com' to 'slack'.", "[Report]   LIVE: Remediation policy applied for user 'jane.doe@company.com'"]}
2025-06-25 18:53:13,236 - {"status": "validation_failed", "log": ["--- Event ID: test-006 | Module: SaaSAccessReaper | Mode: LIVE ---", "[Validate] FAILED: Event is missing 'user' or 'source'."]}
2025-06-25 18:53:13,236 - {"status": "validation_failed", "log": ["--- Event ID: test-006 | Module: SaaSAccessReaper | Mode: LIVE ---", "[Validate] FAILED: Event is missing 'user' or 'source'."]}
2025-06-25 18:53:13,236 - {"status": "validation_failed", "log": ["--- Event ID: test-006 | Module: SaaSAccessReaper | Mode: LIVE ---", "[Validate] FAILED: Event is missing 'user' or 'source'."]}
2025-06-25 18:53:13,236 - {"status": "validation_failed", "log": ["--- Event ID: test-006 | Module: SaaSAccessReaper | Mode: LIVE ---", "[Validate] FAILED: Event is missing 'user' or 'source'."]}
2025-06-25 18:53:13,236 - {"status": "validation_failed", "log": ["--- Event ID: test-006 | Module: SaaSAccessReaper | Mode: LIVE ---", "[Validate] FAILED: Event is missing 'user' or 'source'."]}
2025-06-25 18:53:13,236 - {"status": "validation_failed", "log": ["--- Event ID: test-006 | Module: SaaSAccessReaper | Mode: LIVE ---", "[Validate] FAILED: Event is missing 'user' or 'source'."]}
2025-06-25 18:53:13,236 - {"status": "validation_failed", "log": ["--- Event ID: test-006 | Module: SaaSAccessReaper | Mode: LIVE ---", "[Validate] FAILED: Event is missing 'user' or 'source'."]}
2025-06-25 18:53:13,236 - {"status": "validation_failed", "log": ["--- Event ID: test-006 | Module: SaaSAccessReaper | Mode: LIVE ---", "[Validate] FAILED: Event is missing 'user' or 'source'."]}
2025-06-25 18:53:13,236 - {"status": "validation_failed", "log": ["--- Event ID: test-006 | Module: SaaSAccessReaper | Mode: LIVE ---", "[Validate] FAILED: Event is missing 'user' or 'source'."]}
2025-06-25 18:53:13,236 - {"status": "validation_failed", "log": ["--- Event ID: test-006 | Module: SaaSAccessReaper | Mode: LIVE ---", "[Validate] FAILED: Event is missing 'user' or 'source'."]}
2025-06-25 18:53:13,236 - {"status": "validation_failed", "log": ["--- Event ID: test-006 | Module: SaaSAccessReaper | Mode: LIVE ---", "[Validate] FAILED: Event is missing 'user' or 'source'."]}
2025-06-25 18:53:13,252 - {"status": "validation_failed", "log": ["--- Event ID: test-007 | Module: S3VisibilityReaper | Mode: LIVE ---", "[Validate] FAILED: Event is missing 'bucket_name' or 'region'."]}
2025-06-25 18:53:13,252 - {"status": "validation_failed", "log": ["--- Event ID: test-007 | Module: S3VisibilityReaper | Mode: LIVE ---", "[Validate] FAILED: Event is missing 'bucket_name' or 'region'."]}
2025-06-25 18:53:13,252 - {"status": "validation_failed", "log": ["--- Event ID: test-007 | Module: S3VisibilityReaper | Mode: LIVE ---", "[Validate] FAILED: Event is missing 'bucket_name' or 'region'."]}
2025-06-25 18:53:13,252 - {"status": "validation_failed", "log": ["--- Event ID: test-007 | Module: S3VisibilityReaper | Mode: LIVE ---", "[Validate] FAILED: Event is missing 'bucket_name' or 'region'."]}
2025-06-25 18:53:13,252 - {"status": "validation_failed", "log": ["--- Event ID: test-007 | Module: S3VisibilityReaper | Mode: LIVE ---", "[Validate] FAILED: Event is missing 'bucket_name' or 'region'."]}
2025-06-25 18:53:13,252 - {"status": "validation_failed", "log": ["--- Event ID: test-007 | Module: S3VisibilityReaper | Mode: LIVE ---", "[Validate] FAILED: Event is missing 'bucket_name' or 'region'."]}
2025-06-25 18:53:13,252 - {"status": "validation_failed", "log": ["--- Event ID: test-007 | Module: S3VisibilityReaper | Mode: LIVE ---", "[Validate] FAILED: Event is missing 'bucket_name' or 'region'."]}
2025-06-25 18:53:13,252 - {"status": "validation_failed", "log": ["--- Event ID: test-007 | Module: S3VisibilityReaper | Mode: LIVE ---", "[Validate] FAILED: Event is missing 'bucket_name' or 'region'."]}
2025-06-25 18:53:13,252 - {"status": "validation_failed", "log": ["--- Event ID: test-007 | Module: S3VisibilityReaper | Mode: LIVE ---", "[Validate] FAILED: Event is missing 'bucket_name' or 'region'."]}
2025-06-25 18:53:13,252 - {"status": "validation_failed", "log": ["--- Event ID: test-007 | Module: S3VisibilityReaper | Mode: LIVE ---", "[Validate] FAILED: Event is missing 'bucket_name' or 'region'."]}
2025-06-25 18:53:13,252 - {"status": "validation_failed", "log": ["--- Event ID: test-007 | Module: S3VisibilityReaper | Mode: LIVE ---", "[Validate] FAILED: Event is missing 'bucket_name' or 'region'."]}
2025-06-25 18:53:13,252 - {"status": "validation_failed", "log": ["--- Event ID: test-007 | Module: S3VisibilityReaper | Mode: LIVE ---", "[Validate] FAILED: Event is missing 'bucket_name' or 'region'."]}
